Build started 9/5/2012 2:08:06 PM.
     1>Project "C:\Users\Everson11\Documents\GitHub\Intro-CPP\assignment 2\assignment 2\assignment 2.vcxproj" on node 2 (build target(s)).
     1>PrepareForBuild:
         Creating directory "C:\Users\Everson11\Documents\GitHub\Intro-CPP\assignment 2\Debug\".
       InitializeBuildStatus:
         Creating "Debug\assignment 2.unsuccessfulbuild" because "AlwaysCreate" was specified.
       ClCompile:
         C:\Program Files (x86)\Microsoft Visual Studio 10.0\VC\bin\CL.exe /c /ZI /nologo /W3 /WX- /Od /Oy- /D _MBCS /Gm /EHsc /RTC1 /MDd /GS /fp:precise /Zc:wchar_t /Zc:forScope /Fo"Debug\\" /Fd"Debug\vc100.pdb" /Gd /TP /analyze- /errorReport:prompt main.cpp
         main.cpp
     1>c:\users\everson11\documents\github\intro-cpp\assignment 2\assignment 2\main.cpp(1): warning C4067: unexpected tokens following preprocessor directive - expected a newline
     1>c:\users\everson11\documents\github\intro-cpp\assignment 2\assignment 2\main.cpp(2): warning C4067: unexpected tokens following preprocessor directive - expected a newline
     1>c:\users\everson11\documents\github\intro-cpp\assignment 2\assignment 2\main.cpp(14): warning C4996: 'getch': The POSIX name for this item is deprecated. Instead, use the ISO C++ conformant name: _getch. See online help for details.
                 c:\program files (x86)\microsoft visual studio 10.0\vc\include\conio.h(128) : see declaration of 'getch'
       Link:
         C:\Program Files (x86)\Microsoft Visual Studio 10.0\VC\bin\link.exe /ERRORREPORT:PROMPT /OUT:"C:\Users\Everson11\Documents\GitHub\Intro-CPP\assignment 2\Debug\assignment 2.exe" /NOLOGO kernel32.lib user32.lib gdi32.lib winspool.lib comdlg32.lib advapi32.lib shell32.lib ole32.lib oleaut32.lib uuid.lib odbc32.lib odbccp32.lib /MANIFEST /ManifestFile:"Debug\assignment 2.exe.intermediate.manifest" /MANIFESTUAC:"level='asInvoker' uiAccess='false'" /DEBUG /PDB:"C:\Users\Everson11\Documents\GitHub\Intro-CPP\assignment 2\Debug\assignment 2.pdb" /TLBID:1 /DYNAMICBASE /NXCOMPAT /IMPLIB:"C:\Users\Everson11\Documents\GitHub\Intro-CPP\assignment 2\Debug\assignment 2.lib" /MACHINE:X86 Debug\main.obj
         assignment 2.vcxproj -> C:\Users\Everson11\Documents\GitHub\Intro-CPP\assignment 2\Debug\assignment 2.exe
       Manifest:
         C:\Program Files (x86)\Microsoft SDKs\Windows\v7.0A\bin\mt.exe /nologo /verbose /outputresource:"C:\Users\Everson11\Documents\GitHub\Intro-CPP\assignment 2\Debug\assignment 2.exe;#1" /manifest "Debug\assignment 2.exe.intermediate.manifest"
       FinalizeBuildStatus:
         Deleting file "Debug\assignment 2.unsuccessfulbuild".
         Touching "Debug\assignment 2.lastbuildstate".
     1>Done Building Project "C:\Users\Everson11\Documents\GitHub\Intro-CPP\assignment 2\assignment 2\assignment 2.vcxproj" (build target(s)).

Build succeeded.

Time Elapsed 00:00:03.79
