C:\PROJECTS\C-PLUS-PLUS-OPENGL\HELLOTRIANGLE\DEBUG\HELLOTRIANGLE.EXE
C:\PROJECTS\C-PLUS-PLUS-OPENGL\HELLOTRIANGLE\DEBUG\HELLOTRIANGLE.EXE.INTERMEDIATE.MANIFEST
C:\PROJECTS\C-PLUS-PLUS-OPENGL\HELLOTRIANGLE\DEBUG\HELLOTRIANGLE.ILK
C:\PROJECTS\C-PLUS-PLUS-OPENGL\HELLOTRIANGLE\DEBUG\HELLOTRIANGLE.PDB
C:\PROJECTS\C-PLUS-PLUS-OPENGL\HELLOTRIANGLE\DEBUG\MAIN.OBJ
C:\PROJECTS\C-PLUS-PLUS-OPENGL\HELLOTRIANGLE\DEBUG\VC100.PDB
C:\Users\200102410\Desktop\c-plus-plus-opengl-master\HelloTriangle\Debug\cl.command.1.tlog
C:\Users\200102410\Desktop\c-plus-plus-opengl-master\HelloTriangle\Debug\CL.read.1.tlog
C:\Users\200102410\Desktop\c-plus-plus-opengl-master\HelloTriangle\Debug\CL.write.1.tlog
C:\Users\200102410\Desktop\c-plus-plus-opengl-master\HelloTriangle\Debug\HelloTriangle.exe
C:\Users\200102410\Desktop\c-plus-plus-opengl-master\HelloTriangle\Debug\HelloTriangle.exe.intermediate.manifest
C:\Users\200102410\Desktop\c-plus-plus-opengl-master\HelloTriangle\Debug\HelloTriangle.ilk
C:\Users\200102410\Desktop\c-plus-plus-opengl-master\HelloTriangle\Debug\HelloTriangle.pdb
C:\Users\200102410\Desktop\c-plus-plus-opengl-master\HelloTriangle\Debug\link.command.1.tlog
C:\Users\200102410\Desktop\c-plus-plus-opengl-master\HelloTriangle\Debug\link.read.1.tlog
C:\Users\200102410\Desktop\c-plus-plus-opengl-master\HelloTriangle\Debug\link.write.1.tlog
C:\Users\200102410\Desktop\c-plus-plus-opengl-master\HelloTriangle\Debug\main.obj
C:\Users\200102410\Desktop\c-plus-plus-opengl-master\HelloTriangle\Debug\mt.command.1.tlog
C:\Users\200102410\Desktop\c-plus-plus-opengl-master\HelloTriangle\Debug\mt.read.1.tlog
C:\Users\200102410\Desktop\c-plus-plus-opengl-master\HelloTriangle\Debug\mt.write.1.tlog
C:\Users\200102410\Desktop\c-plus-plus-opengl-master\HelloTriangle\Debug\vc100.idb
C:\Users\200102410\Desktop\c-plus-plus-opengl-master\HelloTriangle\Debug\vc100.pdb
C:\USERS\BALDWINJ\DESKTOP\C-PLUS-PLUS-OPENGL\HELLOTRIANGLE\DEBUG\HELLOTRIANGLE.EXE
C:\USERS\BALDWINJ\DESKTOP\C-PLUS-PLUS-OPENGL\HELLOTRIANGLE\DEBUG\HELLOTRIANGLE.EXE.INTERMEDIATE.MANIFEST
C:\USERS\BALDWINJ\DESKTOP\C-PLUS-PLUS-OPENGL\HELLOTRIANGLE\DEBUG\HELLOTRIANGLE.ILK
C:\USERS\BALDWINJ\DESKTOP\C-PLUS-PLUS-OPENGL\HELLOTRIANGLE\DEBUG\HELLOTRIANGLE.PDB
C:\USERS\BALDWINJ\DESKTOP\C-PLUS-PLUS-OPENGL\HELLOTRIANGLE\DEBUG\MAIN.OBJ
C:\USERS\BALDWINJ\DESKTOP\C-PLUS-PLUS-OPENGL\HELLOTRIANGLE\DEBUG\VC100.PDB
C:\USERS\JOE\DOCUMENTS\VISUAL STUDIO 2010\PROJECTS\HELLOTRIANGLE\DEBUG\HELLOTRIANGLE.EXE
C:\USERS\JOE\DOCUMENTS\VISUAL STUDIO 2010\PROJECTS\HELLOTRIANGLE\DEBUG\HELLOTRIANGLE.EXE.INTERMEDIATE.MANIFEST
C:\USERS\JOE\DOCUMENTS\VISUAL STUDIO 2010\PROJECTS\HELLOTRIANGLE\DEBUG\HELLOTRIANGLE.ILK
C:\USERS\JOE\DOCUMENTS\VISUAL STUDIO 2010\PROJECTS\HELLOTRIANGLE\DEBUG\HELLOTRIANGLE.PDB
C:\USERS\JOE\DOCUMENTS\VISUAL STUDIO 2010\PROJECTS\HELLOTRIANGLE\DEBUG\MAIN.OBJ
C:\USERS\JOE\DOCUMENTS\VISUAL STUDIO 2010\PROJECTS\HELLOTRIANGLE\DEBUG\VC100.PDB
