Build started 11/28/2012 12:23:19 PM.
     1>Project "C:\Users\200102410\Desktop\c-plus-plus-opengl-master\HelloTriangle\HelloTriangle.vcxproj" on node 2 (rebuild target(s)).
     1>_PrepareForClean:
         Deleting file "Debug\HelloTriangle.lastbuildstate".
       InitializeBuildStatus:
         Creating "Debug\HelloTriangle.unsuccessfulbuild" because "AlwaysCreate" was specified.
       ClCompile:
         c:\Program Files (x86)\Microsoft Visual Studio 10.0\VC\bin\CL.exe /c /ZI /nologo /W3 /WX- /Od /Oy- /D _MBCS /Gm /EHsc /RTC1 /MDd /GS /fp:precise /Zc:wchar_t /Zc:forScope /Fo"Debug\\" /Fd"Debug\vc100.pdb" /Gd /TP /analyze- /errorReport:prompt main.cpp
         main.cpp
       Link:
         c:\Program Files (x86)\Microsoft Visual Studio 10.0\VC\bin\link.exe /ERRORREPORT:PROMPT /OUT:"C:\Users\200102410\Desktop\c-plus-plus-opengl-master\HelloTriangle\Debug\HelloTriangle.exe" /NOLOGO kernel32.lib user32.lib gdi32.lib winspool.lib comdlg32.lib advapi32.lib shell32.lib ole32.lib oleaut32.lib uuid.lib odbc32.lib odbccp32.lib /MANIFEST /ManifestFile:"Debug\HelloTriangle.exe.intermediate.manifest" /MANIFESTUAC:"level='asInvoker' uiAccess='false'" /DEBUG /PDB:"C:\Users\200102410\Desktop\c-plus-plus-opengl-master\HelloTriangle\Debug\HelloTriangle.pdb" /TLBID:1 /DYNAMICBASE /NXCOMPAT /IMPLIB:"C:\Users\200102410\Desktop\c-plus-plus-opengl-master\HelloTriangle\Debug\HelloTriangle.lib" /MACHINE:X86 Debug\main.obj
         HelloTriangle.vcxproj -> C:\Users\200102410\Desktop\c-plus-plus-opengl-master\HelloTriangle\Debug\HelloTriangle.exe
       Manifest:
         C:\Program Files (x86)\Microsoft SDKs\Windows\v7.0A\bin\mt.exe /nologo /verbose /outputresource:"C:\Users\200102410\Desktop\c-plus-plus-opengl-master\HelloTriangle\Debug\HelloTriangle.exe;#1" /manifest Debug\HelloTriangle.exe.intermediate.manifest
       FinalizeBuildStatus:
         Deleting file "Debug\HelloTriangle.unsuccessfulbuild".
         Touching "Debug\HelloTriangle.lastbuildstate".
     1>Done Building Project "C:\Users\200102410\Desktop\c-plus-plus-opengl-master\HelloTriangle\HelloTriangle.vcxproj" (rebuild target(s)).

Build succeeded.

Time Elapsed 00:00:03.07
