Build started 12/3/2012 2:44:13 PM.
     1>Project "C:\Users\200102410\Desktop\GitHub\Intro-CPP\GLInititals\GLInititals\GLInititals.vcxproj" on node 2 (build target(s)).
     1>InitializeBuildStatus:
         Creating "Debug\GLInititals.unsuccessfulbuild" because "AlwaysCreate" was specified.
       ClCompile:
         c:\Program Files (x86)\Microsoft Visual Studio 10.0\VC\bin\CL.exe /c /ZI /nologo /W3 /WX- /Od /Oy- /D _MBCS /Gm /EHsc /RTC1 /MDd /GS /fp:precise /Zc:wchar_t /Zc:forScope /Fo"Debug\\" /Fd"Debug\vc100.pdb" /Gd /TP /analyze- /errorReport:prompt main.cpp
         main.cpp
       Link:
         c:\Program Files (x86)\Microsoft Visual Studio 10.0\VC\bin\link.exe /ERRORREPORT:PROMPT /OUT:"C:\Users\200102410\Desktop\GitHub\Intro-CPP\GLInititals\Debug\GLInititals.exe" /NOLOGO kernel32.lib user32.lib gdi32.lib winspool.lib comdlg32.lib advapi32.lib shell32.lib ole32.lib oleaut32.lib uuid.lib odbc32.lib odbccp32.lib /MANIFEST /ManifestFile:"Debug\GLInititals.exe.intermediate.manifest" /MANIFESTUAC:"level='asInvoker' uiAccess='false'" /DEBUG /PDB:"C:\Users\200102410\Desktop\GitHub\Intro-CPP\GLInititals\Debug\GLInititals.pdb" /TLBID:1 /DYNAMICBASE /NXCOMPAT /IMPLIB:"C:\Users\200102410\Desktop\GitHub\Intro-CPP\GLInititals\Debug\GLInititals.lib" /MACHINE:X86 Debug\main.obj
         Debug\triangle.obj
         LINK : C:\Users\200102410\Desktop\GitHub\Intro-CPP\GLInititals\Debug\GLInititals.exe not found or not built by the last incremental link; performing full link
         GLInititals.vcxproj -> C:\Users\200102410\Desktop\GitHub\Intro-CPP\GLInititals\Debug\GLInititals.exe
       Manifest:
         C:\Program Files (x86)\Microsoft SDKs\Windows\v7.0A\bin\mt.exe /nologo /verbose /outputresource:"C:\Users\200102410\Desktop\GitHub\Intro-CPP\GLInititals\Debug\GLInititals.exe;#1" /manifest Debug\GLInititals.exe.intermediate.manifest
       FinalizeBuildStatus:
         Deleting file "Debug\GLInititals.unsuccessfulbuild".
         Touching "Debug\GLInititals.lastbuildstate".
     1>Done Building Project "C:\Users\200102410\Desktop\GitHub\Intro-CPP\GLInititals\GLInititals\GLInititals.vcxproj" (build target(s)).

Build succeeded.

Time Elapsed 00:00:00.56
