Build started 10/24/2012 2:04:06 PM.
     1>Project "C:\Users\Everson11\Documents\GitHub\Intro-CPP\Assn15Structure\Assn15Structure\Assn15Structure.vcxproj" on node 2 (build target(s)).
     1>InitializeBuildStatus:
         Touching "Debug\Assn15Structure.unsuccessfulbuild".
       ClCompile:
         C:\Program Files (x86)\Microsoft Visual Studio 10.0\VC\bin\CL.exe /c /ZI /nologo /W3 /WX- /Od /Oy- /D _MBCS /Gm /EHsc /RTC1 /MDd /GS /fp:precise /Zc:wchar_t /Zc:forScope /Fo"Debug\\" /Fd"Debug\vc100.pdb" /Gd /TP /analyze- /errorReport:prompt main.cpp
         main.cpp
     1>c:\users\everson11\documents\github\intro-cpp\assn15structure\assn15structure\main.cpp(21): warning C4305: '=' : truncation from 'double' to 'float'
     1>c:\users\everson11\documents\github\intro-cpp\assn15structure\assn15structure\main.cpp(26): warning C4305: '=' : truncation from 'double' to 'float'
     1>c:\users\everson11\documents\github\intro-cpp\assn15structure\assn15structure\main.cpp(69): warning C4996: 'getch': The POSIX name for this item is deprecated. Instead, use the ISO C++ conformant name: _getch. See online help for details.
                 c:\program files (x86)\microsoft visual studio 10.0\vc\include\conio.h(128) : see declaration of 'getch'
       Link:
         C:\Program Files (x86)\Microsoft Visual Studio 10.0\VC\bin\link.exe /ERRORREPORT:PROMPT /OUT:"C:\Users\Everson11\Documents\GitHub\Intro-CPP\Assn15Structure\Debug\Assn15Structure.exe" /NOLOGO kernel32.lib user32.lib gdi32.lib winspool.lib comdlg32.lib advapi32.lib shell32.lib ole32.lib oleaut32.lib uuid.lib odbc32.lib odbccp32.lib /MANIFEST /ManifestFile:"Debug\Assn15Structure.exe.intermediate.manifest" /MANIFESTUAC:"level='asInvoker' uiAccess='false'" /DEBUG /PDB:"C:\Users\Everson11\Documents\GitHub\Intro-CPP\Assn15Structure\Debug\Assn15Structure.pdb" /TLBID:1 /DYNAMICBASE /NXCOMPAT /IMPLIB:"C:\Users\Everson11\Documents\GitHub\Intro-CPP\Assn15Structure\Debug\Assn15Structure.lib" /MACHINE:X86 Debug\main.obj
         LINK : C:\Users\Everson11\Documents\GitHub\Intro-CPP\Assn15Structure\Debug\Assn15Structure.exe not found or not built by the last incremental link; performing full link
         Assn15Structure.vcxproj -> C:\Users\Everson11\Documents\GitHub\Intro-CPP\Assn15Structure\Debug\Assn15Structure.exe
       Manifest:
         C:\Program Files (x86)\Microsoft SDKs\Windows\v7.0A\bin\mt.exe /nologo /verbose /outputresource:"C:\Users\Everson11\Documents\GitHub\Intro-CPP\Assn15Structure\Debug\Assn15Structure.exe;#1" /manifest Debug\Assn15Structure.exe.intermediate.manifest
       FinalizeBuildStatus:
         Deleting file "Debug\Assn15Structure.unsuccessfulbuild".
         Touching "Debug\Assn15Structure.lastbuildstate".
     1>Done Building Project "C:\Users\Everson11\Documents\GitHub\Intro-CPP\Assn15Structure\Assn15Structure\Assn15Structure.vcxproj" (build target(s)).

Build succeeded.

Time Elapsed 00:00:02.92
