Build started 10/10/2012 2:10:32 PM.
     1>Project "C:\Users\200102410\Desktop\GitHub\Intro-CPP\Assn13Change\Assn13Change\Assn13Change.vcxproj" on node 2 (build target(s)).
     1>InitializeBuildStatus:
         Creating "Debug\Assn13Change.unsuccessfulbuild" because "AlwaysCreate" was specified.
       ClCompile:
         c:\Program Files (x86)\Microsoft Visual Studio 10.0\VC\bin\CL.exe /c /ZI /nologo /W3 /WX- /Od /Oy- /D _MBCS /Gm /EHsc /RTC1 /MDd /GS /fp:precise /Zc:wchar_t /Zc:forScope /Fo"Debug\\" /Fd"Debug\vc100.pdb" /Gd /TP /analyze- /errorReport:prompt main.cpp
         main.cpp
     1>c:\users\200102410\desktop\github\intro-cpp\assn13change\assn13change\main.cpp(31): warning C4996: 'getch': The POSIX name for this item is deprecated. Instead, use the ISO C++ conformant name: _getch. See online help for details.
                 c:\program files (x86)\microsoft visual studio 10.0\vc\include\conio.h(128) : see declaration of 'getch'
     1>c:\users\200102410\desktop\github\intro-cpp\assn13change\assn13change\main.cpp(40): warning C4244: 'initializing' : conversion from 'double' to 'int', possible loss of data
       Link:
         c:\Program Files (x86)\Microsoft Visual Studio 10.0\VC\bin\link.exe /ERRORREPORT:PROMPT /OUT:"C:\Users\200102410\Desktop\GitHub\Intro-CPP\Assn13Change\Debug\Assn13Change.exe" /NOLOGO kernel32.lib user32.lib gdi32.lib winspool.lib comdlg32.lib advapi32.lib shell32.lib ole32.lib oleaut32.lib uuid.lib odbc32.lib odbccp32.lib /MANIFEST /ManifestFile:"Debug\Assn13Change.exe.intermediate.manifest" /MANIFESTUAC:"level='asInvoker' uiAccess='false'" /DEBUG /PDB:"C:\Users\200102410\Desktop\GitHub\Intro-CPP\Assn13Change\Debug\Assn13Change.pdb" /TLBID:1 /DYNAMICBASE /NXCOMPAT /IMPLIB:"C:\Users\200102410\Desktop\GitHub\Intro-CPP\Assn13Change\Debug\Assn13Change.lib" /MACHINE:X86 Debug\main.obj
         LINK : C:\Users\200102410\Desktop\GitHub\Intro-CPP\Assn13Change\Debug\Assn13Change.exe not found or not built by the last incremental link; performing full link
         Assn13Change.vcxproj -> C:\Users\200102410\Desktop\GitHub\Intro-CPP\Assn13Change\Debug\Assn13Change.exe
       Manifest:
         C:\Program Files (x86)\Microsoft SDKs\Windows\v7.0A\bin\mt.exe /nologo /verbose /outputresource:"C:\Users\200102410\Desktop\GitHub\Intro-CPP\Assn13Change\Debug\Assn13Change.exe;#1" /manifest Debug\Assn13Change.exe.intermediate.manifest
       FinalizeBuildStatus:
         Deleting file "Debug\Assn13Change.unsuccessfulbuild".
         Touching "Debug\Assn13Change.lastbuildstate".
     1>Done Building Project "C:\Users\200102410\Desktop\GitHub\Intro-CPP\Assn13Change\Assn13Change\Assn13Change.vcxproj" (build target(s)).

Build succeeded.

Time Elapsed 00:00:00.62
