Build started 9/24/2012 1:38:57 PM.
     1>Project "C:\Users\Everson11\Documents\GitHub\Intro-CPP\AssnSalary7\AssnSalary7\AssnSalary7.vcxproj" on node 2 (build target(s)).
     1>InitializeBuildStatus:
         Creating "Debug\AssnSalary7.unsuccessfulbuild" because "AlwaysCreate" was specified.
       ClCompile:
         C:\Program Files (x86)\Microsoft Visual Studio 10.0\VC\bin\CL.exe /c /ZI /nologo /W3 /WX- /Od /Oy- /D _MBCS /Gm /EHsc /RTC1 /MDd /GS /fp:precise /Zc:wchar_t /Zc:forScope /Fo"Debug\\" /Fd"Debug\vc100.pdb" /Gd /TP /analyze- /errorReport:prompt main.cpp
         main.cpp
     1>c:\users\everson11\documents\github\intro-cpp\assnsalary7\assnsalary7\main.cpp(36): warning C4244: '=' : conversion from 'double' to 'float', possible loss of data
       Link:
         C:\Program Files (x86)\Microsoft Visual Studio 10.0\VC\bin\link.exe /ERRORREPORT:PROMPT /OUT:"C:\Users\Everson11\Documents\GitHub\Intro-CPP\AssnSalary7\Debug\AssnSalary7.exe" /NOLOGO kernel32.lib user32.lib gdi32.lib winspool.lib comdlg32.lib advapi32.lib shell32.lib ole32.lib oleaut32.lib uuid.lib odbc32.lib odbccp32.lib /MANIFEST /ManifestFile:"Debug\AssnSalary7.exe.intermediate.manifest" /MANIFESTUAC:"level='asInvoker' uiAccess='false'" /DEBUG /PDB:"C:\Users\Everson11\Documents\GitHub\Intro-CPP\AssnSalary7\Debug\AssnSalary7.pdb" /TLBID:1 /DYNAMICBASE /NXCOMPAT /IMPLIB:"C:\Users\Everson11\Documents\GitHub\Intro-CPP\AssnSalary7\Debug\AssnSalary7.lib" /MACHINE:X86 Debug\main.obj
         LINK : C:\Users\Everson11\Documents\GitHub\Intro-CPP\AssnSalary7\Debug\AssnSalary7.exe not found or not built by the last incremental link; performing full link
         AssnSalary7.vcxproj -> C:\Users\Everson11\Documents\GitHub\Intro-CPP\AssnSalary7\Debug\AssnSalary7.exe
       Manifest:
         C:\Program Files (x86)\Microsoft SDKs\Windows\v7.0A\bin\mt.exe /nologo /verbose /outputresource:"C:\Users\Everson11\Documents\GitHub\Intro-CPP\AssnSalary7\Debug\AssnSalary7.exe;#1" /manifest Debug\AssnSalary7.exe.intermediate.manifest
       FinalizeBuildStatus:
         Deleting file "Debug\AssnSalary7.unsuccessfulbuild".
         Touching "Debug\AssnSalary7.lastbuildstate".
     1>Done Building Project "C:\Users\Everson11\Documents\GitHub\Intro-CPP\AssnSalary7\AssnSalary7\AssnSalary7.vcxproj" (build target(s)).

Build succeeded.

Time Elapsed 00:00:02.35
